Build started 19/09/2016 15:29:48.
     1>Project "D:\10 V\Solution1\c++Exercises\c++Exercises.vcxproj" on node 2 (build target(s)).
     1>InitializeBuildStatus:
         Creating "Debug\c++Exercises.unsuccessfulbuild" because "AlwaysCreate" was specified.
       ClCompile:
         All outputs are up-to-date.
         c:\Program Files (x86)\Microsoft Visual Studio 10.0\VC\bin\CL.exe /c /ZI /nologo /W3 /WX- /Od /Oy- /D WIN32 /D _DEBUG /D _CONSOLE /D _UNICODE /D UNICODE /Gm /EHsc /RTC1 /MDd /GS /fp:precise /Zc:wchar_t /Zc:forScope /Yu"StdAfx.h" /Fp"Debug\c++Exercises.pch" /Fo"Debug\\" /Fd"Debug\vc100.pdb" /Gd /TP /analyze- /errorReport:prompt c++Exercises.cpp
         c++Exercises.cpp
     1>d:\10 v\solution1\c++exercises\c++exercises.cpp(30): warning C4700: uninitialized local variable 'N' used
       ManifestResourceCompile:
         All outputs are up-to-date.
       Link:
         c:\Program Files (x86)\Microsoft Visual Studio 10.0\VC\bin\link.exe /ERRORREPORT:PROMPT /OUT:"D:\10 V\Solution1\Debug\c++Exercises.exe" /INCREMENTAL /NOLOGO kernel32.lib user32.lib gdi32.lib winspool.lib comdlg32.lib advapi32.lib shell32.lib ole32.lib oleaut32.lib uuid.lib odbc32.lib odbccp32.lib /MANIFEST /ManifestFile:"Debug\c++Exercises.exe.intermediate.manifest" /MANIFESTUAC:"level='asInvoker' uiAccess='false'" /DEBUG /PDB:"D:\10 V\Solution1\Debug\c++Exercises.pdb" /SUBSYSTEM:CONSOLE /TLBID:1 /DYNAMICBASE /NXCOMPAT /IMPLIB:"D:\10 V\Solution1\Debug\c++Exercises.lib" /MACHINE:X86 Debug\c++Exercises.exe.embed.manifest.res
         Debug\c++Exercises.obj
         Debug\stdafx.obj
       Manifest:
         C:\Program Files (x86)\Microsoft SDKs\Windows\v7.0A\bin\mt.exe /nologo /verbose /out:"Debug\c++Exercises.exe.embed.manifest" /manifest Debug\c++Exercises.exe.intermediate.manifest
         All outputs are up-to-date.
       LinkEmbedManifest:
         All outputs are up-to-date.
         c++Exercises.vcxproj -> D:\10 V\Solution1\Debug\c++Exercises.exe
       FinalizeBuildStatus:
         Deleting file "Debug\c++Exercises.unsuccessfulbuild".
         Touching "Debug\c++Exercises.lastbuildstate".
     1>Done Building Project "D:\10 V\Solution1\c++Exercises\c++Exercises.vcxproj" (build target(s)).

Build succeeded.

Time Elapsed 00:00:00.54
